Build started 9/19/2014 10:33:08 PM.
     1>Project "C:\Users\Jared\Documents\Visual Studio 2012\Projects\Catan\Danger Zone\Danger Zone.vcxproj" on node 2 (Build target(s)).
     1>ClCompile:
         C:\Program Files (x86)\Microsoft Visual Studio 11.0\VC\bin\CL.exe /c /IC:\Code\installed\SFML\install\include /I"C:\Users\Jared\Documents\Visual Studio 2012\Projects\Danger Zone\Danger Zone\include" /IC:\Users\Jared\Documents\zlib_dll\include /Zi /nologo /W3 /WX- /O2 /Oi /Oy- /GL /D WIN32 /D NDEBUG /D _CONSOLE /D _UNICODE /D UNICODE /Gm- /EHsc /MD /GS /Gy /fp:precise /Zc:wchar_t /Zc:forScope /Fo"Release\\" /Fd"Release\vc110.pdb" /Gd /TP /analyze- /errorReport:prompt Button.cpp Screen.cpp
         Button.cpp
         Screen.cpp
       Link:
         C:\Program Files (x86)\Microsoft Visual Studio 11.0\VC\bin\link.exe /ERRORREPORT:PROMPT /OUT:"C:\Users\Jared\Documents\Visual Studio 2012\Projects\Catan\Release\Catan.exe" /INCREMENTAL:NO /NOLOGO /LIBPATH:C:\Code\installed\SFML\install\lib "sfml-graphics.lib" "sfml-window.lib" "sfml-system.lib" /MANIFEST /MANIFESTUAC:"level='asInvoker' uiAccess='false'" /manifest:embed /DEBUG /PDB:"C:\Users\Jared\Documents\Visual Studio 2012\Projects\Catan\Release\Catan.pdb" /SUBSYSTEM:CONSOLE /OPT:REF /OPT:ICF /LTCG /TLBID:1 /DYNAMICBASE /NXCOMPAT /IMPLIB:"C:\Users\Jared\Documents\Visual Studio 2012\Projects\Catan\Release\Catan.lib" /MACHINE:X86 /SAFESEH Release\Button.obj
         Release\GameScreen.obj
         Release\Gui.obj
         Release\main.obj
         Release\MapTile.obj
         Release\Player.obj
         Release\Screen.obj
         Generating code
         Finished generating code
         Danger Zone.vcxproj -> C:\Users\Jared\Documents\Visual Studio 2012\Projects\Catan\Release\Catan.exe
     1>Done Building Project "C:\Users\Jared\Documents\Visual Studio 2012\Projects\Catan\Danger Zone\Danger Zone.vcxproj" (Build target(s)).

Build succeeded.

Time Elapsed 00:00:09.31
